2022-06-12 13:36:47,923 [DEBUG] Запрошены все посты
2022-06-12 13:36:50,475 [DEBUG] Запрошен пост 1
2022-06-12 13:52:11,687 [DEBUG] Запрошены все посты через API
2022-06-12 13:52:11,695 [DEBUG] Запрошен пост 1 через API
2022-06-12 14:16:45,397 [DEBUG] Запрошены все посты через API
2022-06-12 14:16:45,405 [DEBUG] Запрошен пост 1 через API
2022-06-12 17:23:42,353 [DEBUG] Запрошены все посты через API
2022-06-12 17:23:42,359 [DEBUG] Запрошен пост 1 через API
2022-06-12 17:35:40,250 [DEBUG] Запрошены все посты через API
2022-06-12 17:35:40,257 [DEBUG] Запрошен пост 1 через API
2022-06-12 17:42:54,198 [DEBUG] Запрошены все посты через API
2022-06-12 17:42:54,203 [DEBUG] Запрошен пост 1 через API
2022-06-12 17:43:43,237 [DEBUG] Запрошены все посты через API
2022-06-12 17:43:43,242 [DEBUG] Запрошен пост 1 через API
2022-06-12 17:45:51,370 [DEBUG] Запрошены все посты через API
2022-06-12 17:45:51,376 [DEBUG] Запрошен пост 1 через API
2022-06-12 18:34:36,621 [DEBUG] Запрошены все посты
2022-06-12 18:34:56,245 [DEBUG] Запрошен пост 3
2022-06-12 18:35:18,593 [DEBUG] Запрошен пост 2
2022-06-12 18:40:12,164 [DEBUG] Запрошен пост 2
2022-06-12 18:42:28,708 [DEBUG] Запрошен пост 1
2022-06-12 18:49:27,273 [DEBUG] Запрошены все посты
2022-06-12 18:49:54,053 [DEBUG] Выполнен поиск по вхождению s
2022-06-12 18:49:58,321 [DEBUG] Выполнен поиск по вхождению кот
2022-06-12 18:50:00,224 [DEBUG] Запрошены все посты
2022-06-12 18:50:18,798 [DEBUG] Выполнен поиск по вхождению s
2022-06-12 18:50:24,657 [DEBUG] Выполнен поиск по вхождению ага
2022-06-12 18:50:29,210 [DEBUG] Выполнен поиск по вхождению Ага
2022-06-12 18:59:11,486 [DEBUG] Запрошены все посты
2022-06-12 18:59:42,037 [DEBUG] Выполнен поиск по вхождению: кот
2022-06-12 18:59:48,905 [DEBUG] Запрошены все посты
2022-06-12 18:59:53,912 [DEBUG] Выполнен поиск по вхождению: кот
2022-06-12 19:01:04,079 [DEBUG] Выполнен поиск по вхождению: кот
2022-06-12 19:01:07,436 [DEBUG] Выполнен поиск по вхождению: 
2022-06-12 19:01:10,569 [DEBUG] Выполнен поиск по вхождению: 7
2022-06-12 19:02:10,090 [DEBUG] Выполнен поиск по вхождению: кот
2022-06-12 19:02:52,896 [DEBUG] Выполнен поиск по вхождению: кот
2022-06-12 19:02:53,970 [DEBUG] Выполнен поиск по вхождению: кот
2022-06-12 19:03:00,253 [DEBUG] Выполнен поиск по вхождению: кот
2022-06-12 19:08:53,947 [DEBUG] Запрошены все посты
2022-06-12 19:08:59,490 [DEBUG] Выполнен поиск по вхождению: ага
2022-06-12 19:09:13,022 [DEBUG] Выполнен поиск по вхождению: ага
2022-06-12 19:09:13,820 [DEBUG] Выполнен поиск по вхождению: ага
2022-06-12 19:09:29,879 [DEBUG] Запрошены все посты
2022-06-12 19:31:15,344 [DEBUG] Выполнен поиск по вхождению: дом
2022-06-12 19:31:16,890 [DEBUG] Выполнен поиск по вхождению: дом
2022-06-12 19:31:52,240 [DEBUG] Выполнен поиск по вхождению: дом
2022-06-12 19:47:54,969 [DEBUG] Запрошены все посты
2022-06-12 19:48:03,498 [DEBUG] Запрошен пост 1
2022-06-12 19:48:18,868 [DEBUG] Запрошен пост 5
2022-06-12 20:38:18,972 [DEBUG] Запрошены все посты через API
2022-06-12 20:38:18,977 [DEBUG] Запрошен пост 1 через API
2022-06-12 20:42:43,372 [DEBUG] Запрошены все посты через API
2022-06-12 20:42:43,378 [DEBUG] Запрошен пост 1 через API
2022-06-12 21:02:34,036 [DEBUG] Запрошен пост 77
2022-06-12 21:13:50,687 [DEBUG] Открыты все посты пользователя sfdsf
2022-06-12 21:15:27,735 [DEBUG] Открыты все посты пользователя sfdsf
2022-06-12 21:15:29,011 [DEBUG] Открыты все посты пользователя sfdsf
2022-06-12 21:24:49,376 [DEBUG] Запрошен пост 10
2022-06-12 21:26:26,687 [DEBUG] Запрошен пост 10
2022-06-12 21:27:24,887 [DEBUG] Запрошен пост 1
2022-06-12 21:27:28,772 [DEBUG] Запрошен пост 5
2022-06-12 21:27:31,772 [DEBUG] Запрошен пост 4
2022-06-12 21:27:36,331 [DEBUG] Запрошен пост 2
2022-06-12 21:31:45,768 [DEBUG] Запрошен пост 2
2022-06-12 21:31:49,346 [DEBUG] Запрошен пост 8
2022-06-12 21:31:54,324 [DEBUG] Запрошен пост 9
2022-06-12 21:31:58,070 [DEBUG] Запрошен пост 10
2022-06-12 21:32:02,472 [DEBUG] Запрошен пост 8
2022-06-12 21:39:09,937 [DEBUG] Открыты все посты пользователя leo
2022-06-12 21:39:15,940 [DEBUG] Открыты все посты пользователя hank
2022-06-12 21:41:20,076 [ERROR] Такого пользователя нет
2022-06-12 21:46:22,674 [ERROR] Такого поста нет
2022-06-12 22:21:27,620 [DEBUG] Запрошены все посты через API
2022-06-12 22:21:27,625 [DEBUG] Запрошен пост 1 через API
2022-06-12 22:22:41,037 [DEBUG] Запрошены все посты через API
2022-06-12 22:22:41,041 [DEBUG] Запрошен пост 1 через API
